#
# There is insufficient memory for the Java Runtime Environment to continue.
# Native memory allocation (malloc) failed to allocate 32744 bytes for ChunkPool::allocate
# Possible reasons:
#   The system is out of physical RAM or swap space
#   The process is running with CompressedOops enabled, and the Java Heap may be blocking the growth of the native heap
# Possible solutions:
#   Reduce memory load on the system
#   Increase physical memory or swap space
#   Check if swap backing store is full
#   Decrease Java heap size (-Xmx/-Xms)
#   Decrease number of Java threads
#   Decrease Java thread stack sizes (-Xss)
#   Set larger code cache with -XX:ReservedCodeCacheSize=
#   JVM is running with Unscaled Compressed Oops mode in which the Java heap is
#     placed in the first 4GB address space. The Java Heap base address is the
#     maximum limit for the native heap growth. Please use -XX:HeapBaseMinAddress
#     to set the Java Heap base and to place the Java Heap above 4GB virtual address.
# This output file may be truncated or incomplete.
#
#  Out of Memory Error (arena.cpp:78), pid=17272, tid=6716
#
# JRE version: OpenJDK Runtime Environment Temurin-17.0.7+7 (17.0.7+7) (build 17.0.7+7)
# Java VM: OpenJDK 64-Bit Server VM Temurin-17.0.7+7 (17.0.7+7, mixed mode, tiered, compressed oops, compressed class ptrs, parallel gc, windows-amd64)
# No core dump will be written. Minidumps are not enabled by default on client versions of Windows
#

---------------  S U M M A R Y ------------

Command Line: --add-modules=ALL-SYSTEM --add-opens=java.base/java.util=ALL-UNNAMED --add-opens=java.base/java.lang=ALL-UNNAMED --add-opens=java.base/sun.nio.fs=ALL-UNNAMED -Declipse.application=org.eclipse.jdt.ls.core.id1 -Dosgi.bundles.defaultStartLevel=4 -Declipse.product=org.eclipse.jdt.ls.core.product -Djava.import.generatesMetadataFilesAtProjectRoot=false -Dfile.encoding=utf8 -XX:+UseParallelGC -XX:GCTimeRatio=4 -XX:AdaptiveSizePolicyWeight=90 -Dsun.zip.disableMemoryMapping=true -Xmx1G -Xms100m -Xlog:disable -javaagent:c:\Users\HP\.vscode\extensions\redhat.java-1.21.0-win32-x64\lombok\lombok-1.18.28.jar -XX:+HeapDumpOnOutOfMemoryError -XX:HeapDumpPath=c:\Users\HP\AppData\Roaming\Code\User\workspaceStorage\8aba52c0d25e5d5e3a4116cb3496c2ef\redhat.java -Daether.dependencyCollector.impl=bf c:\Users\HP\.vscode\extensions\redhat.java-1.21.0-win32-x64\server\plugins\org.eclipse.equinox.launcher_1.6.500.v20230717-2134.jar -configuration c:\Users\HP\AppData\Roaming\Code\User\globalStorage\redhat.java\1.21.0\config_win -data c:\Users\HP\AppData\Roaming\Code\User\workspaceStorage\8aba52c0d25e5d5e3a4116cb3496c2ef\redhat.java\jdt_ws

Host: 11th Gen Intel(R) Core(TM) i5-1155G7 @ 2.50GHz, 8 cores, 15G,  Windows 11 , 64 bit Build 25931 (10.0.25931.1000)
Time: Wed Aug 23 15:17:16 2023 India Standard Time elapsed time: 45.708192 seconds (0d 0h 0m 45s)

---------------  T H R E A D  ---------------

Current thread (0x00000137f9e76920):  JavaThread "C2 CompilerThread0" daemon [_thread_in_native, id=6716, stack(0x000000096df00000,0x000000096e000000)]


Current CompileTask:
C2:  45708 7651   !   4       org.eclipse.core.internal.jobs.JobListeners::waitAndSendEvents (444 bytes)

Stack: [0x000000096df00000,0x000000096e000000]
Native frames: (J=compiled Java code, j=interpreted, Vv=VM code, C=native code)
V  [jvm.dll+0x67754a]
V  [jvm.dll+0x834304]
V  [jvm.dll+0x835aae]
V  [jvm.dll+0x836113]
V  [jvm.dll+0x24696f]
V  [jvm.dll+0xac2cc]
V  [jvm.dll+0xac67c]
V  [jvm.dll+0xac1bb]
V  [jvm.dll+0x655dd9]
V  [jvm.dll+0x7a17b]
V  [jvm.dll+0x65315e]
V  [jvm.dll+0x340352]
V  [jvm.dll+0x340154]
V  [jvm.dll+0x68acee]
V  [jvm.dll+0x68ad5e]
V  [jvm.dll+0x68d671]
V  [jvm.dll+0x68794b]
V  [jvm.dll+0x686f87]
V  [jvm.dll+0x684e82]
V  [jvm.dll+0x1a7fdc]
V  [jvm.dll+0x1a8ba6]
V  [jvm.dll+0x2ace54]
V  [jvm.dll+0x68f857]
V  [jvm.dll+0x68794b]
V  [jvm.dll+0x686f87]
V  [jvm.dll+0x684e82]
V  [jvm.dll+0x1a7fdc]
V  [jvm.dll+0x2ace54]
V  [jvm.dll+0x68f857]
V  [jvm.dll+0x68794b]
V  [jvm.dll+0x686f87]
V  [jvm.dll+0x684e82]
V  [jvm.dll+0x1a7fdc]
V  [jvm.dll+0x1a8ba6]
V  [jvm.dll+0x2ace54]
V  [jvm.dll+0x68f857]
V  [jvm.dll+0x68794b]
V  [jvm.dll+0x686f87]
V  [jvm.dll+0x684e82]
V  [jvm.dll+0x1a7fdc]
V  [jvm.dll+0x1a8ba6]
V  [jvm.dll+0x1a8ba6]
V  [jvm.dll+0x2ace54]
V  [jvm.dll+0x68f857]
V  [jvm.dll+0x68794b]
V  [jvm.dll+0x686f87]
V  [jvm.dll+0x684e82]
V  [jvm.dll+0x1a7fdc]
V  [jvm.dll+0x1a8ba6]
V  [jvm.dll+0x2ace54]
V  [jvm.dll+0x68f857]
V  [jvm.dll+0x68794b]
V  [jvm.dll+0x686f87]
V  [jvm.dll+0x684e82]
V  [jvm.dll+0x1a7fdc]
V  [jvm.dll+0x218628]
V  [jvm.dll+0x1a4d8d]
V  [jvm.dll+0x2284da]
V  [jvm.dll+0x226615]
V  [jvm.dll+0x7ea90b]
V  [jvm.dll+0x7e4e7a]
V  [jvm.dll+0x676395]
C  [ucrtbase.dll+0x625d1]
C  [KERNEL32.DLL+0x11f88]
C  [ntdll.dll+0x50b81]


---------------  P R O C E S S  ---------------

Threads class SMR info:
_java_thread_list=0x00000137fcc76060, length=39, elements={
0x00000137ef7710a0, 0x00000137f4dd2030, 0x00000137f4dd5900, 0x00000137f9e48160,
0x00000137f9e5f040, 0x00000137f9e63790, 0x00000137f9e68200, 0x00000137f9e76920,
0x00000137f9e9be60, 0x00000137f9e9e380, 0x00000137f9e656b0, 0x00000137f9e64840,
0x00000137f9e64d10, 0x00000137f9e67860, 0x00000137f9e66050, 0x00000137f9e66520,
0x00000137f9e669f0, 0x00000137f9e66ec0, 0x00000137f9e67390, 0x00000137fcb7ea50,
0x00000137fcb80c00, 0x00000137fcb810d0, 0x00000137fcb7ef20, 0x00000137fcb85430,
0x00000137fcb84a90, 0x00000137fcb83750, 0x00000137fcb815a0, 0x00000137fcb840f0,
0x00000137fcb81f40, 0x00000137fcb828e0, 0x00000137fcb82db0, 0x00000137fcb82410,
0x00000137fcb845c0, 0x00000137fcb7fd90, 0x00000137fcb7e0b0, 0x00000137fcb81a70,
0x00000137fcb84f60, 0x00000137fcb80260, 0x00000137f9e65b80
}

Java Threads: ( => current thread )
  0x00000137ef7710a0 JavaThread "main" [_thread_blocked, id=12136, stack(0x000000096d600000,0x000000096d700000)]
  0x00000137f4dd2030 JavaThread "Reference Handler" daemon [_thread_blocked, id=6116, stack(0x000000096d900000,0x000000096da00000)]
  0x00000137f4dd5900 JavaThread "Finalizer" daemon [_thread_blocked, id=17188, stack(0x000000096da00000,0x000000096db00000)]
  0x00000137f9e48160 JavaThread "Signal Dispatcher" daemon [_thread_blocked, id=9452, stack(0x000000096db00000,0x000000096dc00000)]
  0x00000137f9e5f040 JavaThread "Attach Listener" daemon [_thread_blocked, id=5816, stack(0x000000096dc00000,0x000000096dd00000)]
  0x00000137f9e63790 JavaThread "Service Thread" daemon [_thread_blocked, id=13348, stack(0x000000096dd00000,0x000000096de00000)]
  0x00000137f9e68200 JavaThread "Monitor Deflation Thread" daemon [_thread_blocked, id=17108, stack(0x000000096de00000,0x000000096df00000)]
=>0x00000137f9e76920 JavaThread "C2 CompilerThread0" daemon [_thread_in_native, id=6716, stack(0x000000096df00000,0x000000096e000000)]
  0x00000137f9e9be60 JavaThread "C1 CompilerThread0" daemon [_thread_blocked, id=20320, stack(0x000000096e000000,0x000000096e100000)]
  0x00000137f9e9e380 JavaThread "Sweeper thread" daemon [_thread_blocked, id=9408, stack(0x000000096e100000,0x000000096e200000)]
  0x00000137f9e656b0 JavaThread "Common-Cleaner" daemon [_thread_blocked, id=15252, stack(0x000000096e200000,0x000000096e300000)]
  0x00000137f9e64840 JavaThread "Notification Thread" daemon [_thread_blocked, id=14500, stack(0x000000096e400000,0x000000096e500000)]
  0x00000137f9e64d10 JavaThread "Active Thread: Equinox Container: 657f9310-e8b6-4bc9-8003-799083dabf3b" [_thread_blocked, id=8356, stack(0x000000096ed00000,0x000000096ee00000)]
  0x00000137f9e67860 JavaThread "Framework Event Dispatcher: Equinox Container: 657f9310-e8b6-4bc9-8003-799083dabf3b" daemon [_thread_blocked, id=18236, stack(0x000000096e300000,0x000000096e400000)]
  0x00000137f9e66050 JavaThread "Start Level: Equinox Container: 657f9310-e8b6-4bc9-8003-799083dabf3b" daemon [_thread_blocked, id=2836, stack(0x000000096e600000,0x000000096e700000)]
  0x00000137f9e66520 JavaThread "SCR Component Actor" daemon [_thread_blocked, id=6608, stack(0x000000096ee00000,0x000000096ef00000)]
  0x00000137f9e669f0 JavaThread "Worker-JM" [_thread_blocked, id=13864, stack(0x000000096f100000,0x000000096f200000)]
  0x00000137f9e66ec0 JavaThread "Worker-0: Initialize Workspace" [_thread_blocked, id=14092, stack(0x000000096f300000,0x000000096f400000)]
  0x00000137f9e67390 JavaThread "Worker-1" [_thread_blocked, id=14252, stack(0x000000096f400000,0x000000096f500000)]
  0x00000137fcb7ea50 JavaThread "Java indexing" daemon [_thread_blocked, id=17564, stack(0x000000096f500000,0x000000096f600000)]
  0x00000137fcb80c00 JavaThread "JNA Cleaner" daemon [_thread_blocked, id=17700, stack(0x000000096f700000,0x000000096f800000)]
  0x00000137fcb810d0 JavaThread "Worker-2" [_thread_blocked, id=6540, stack(0x000000096fa00000,0x000000096fb00000)]
  0x00000137fcb7ef20 JavaThread "Worker-3" [_thread_blocked, id=2924, stack(0x000000096fb00000,0x000000096fc00000)]
  0x00000137fcb85430 JavaThread "pool-2-thread-1" [_thread_blocked, id=19896, stack(0x000000096fc00000,0x000000096fd00000)]
  0x00000137fcb84a90 JavaThread "WorkspaceEventsHandler" [_thread_blocked, id=8864, stack(0x000000096fd00000,0x000000096fe00000)]
  0x00000137fcb83750 JavaThread "pool-1-thread-1" [_thread_blocked, id=5160, stack(0x000000096fe00000,0x000000096ff00000)]
  0x00000137fcb815a0 JavaThread "Timer-0" [_thread_blocked, id=3892, stack(0x0000000970000000,0x0000000970100000)]
  0x00000137fcb840f0 JavaThread "Worker-4" [_thread_blocked, id=11712, stack(0x000000096f600000,0x000000096f700000)]
  0x00000137fcb81f40 JavaThread "Exec process" [_thread_blocked, id=14672, stack(0x000000096ff00000,0x0000000970000000)]
  0x00000137fcb828e0 JavaThread "Exec process Thread 2" [_thread_blocked, id=11696, stack(0x0000000970200000,0x0000000970300000)]
  0x00000137fcb82db0 JavaThread "Exec process Thread 3" [_thread_blocked, id=7952, stack(0x0000000970300000,0x0000000970400000)]
  0x00000137fcb82410 JavaThread "Timer-1" [_thread_blocked, id=7156, stack(0x0000000970100000,0x0000000970200000)]
  0x00000137fcb845c0 JavaThread "Timer-2" [_thread_blocked, id=4036, stack(0x000000096f000000,0x000000096f100000)]
  0x00000137fcb7fd90 JavaThread "Timer-3" [_thread_blocked, id=8228, stack(0x0000000970400000,0x0000000970500000)]
  0x00000137fcb7e0b0 JavaThread "Timer-4" [_thread_blocked, id=19568, stack(0x0000000970500000,0x0000000970600000)]
  0x00000137fcb81a70 JavaThread "Connection worker" [_thread_blocked, id=7652, stack(0x0000000970600000,0x0000000970700000)]
  0x00000137fcb84f60 JavaThread "pool-4-thread-1" [_thread_blocked, id=3308, stack(0x0000000970800000,0x0000000970900000)]
  0x00000137fcb80260 JavaThread "Exec process" [_thread_in_native, id=15396, stack(0x0000000970900000,0x0000000970a00000)]
  0x00000137f9e65b80 JavaThread "Exec process Thread 2" [_thread_blocked, id=11068, stack(0x0000000970b00000,0x0000000970c00000)]

Other Threads:
  0x00000137ef7fded0 VMThread "VM Thread" [stack: 0x000000096d800000,0x000000096d900000] [id=1824]
  0x00000137fa17d380 WatcherThread [stack: 0x000000096e500000,0x000000096e600000] [id=16396]
  0x00000137ef784f70 GCTaskThread "GC Thread#0" [stack: 0x000000096d700000,0x000000096d800000] [id=208]
  0x00000137fb352030 GCTaskThread "GC Thread#1" [stack: 0x000000096e700000,0x000000096e800000] [id=18912]
  0x00000137fb175f30 GCTaskThread "GC Thread#2" [stack: 0x000000096e800000,0x000000096e900000] [id=19032]
  0x00000137fb4b4ae0 GCTaskThread "GC Thread#3" [stack: 0x000000096e900000,0x000000096ea00000] [id=15308]
  0x00000137fb4b4d90 GCTaskThread "GC Thread#4" [stack: 0x000000096ea00000,0x000000096eb00000] [id=20384]
  0x00000137fb4ed600 GCTaskThread "GC Thread#5" [stack: 0x000000096eb00000,0x000000096ec00000] [id=12540]
  0x00000137fb4ed8b0 GCTaskThread "GC Thread#6" [stack: 0x000000096ec00000,0x000000096ed00000] [id=11960]
  0x00000137fb8fa430 GCTaskThread "GC Thread#7" [stack: 0x000000096ef00000,0x000000096f000000] [id=2188]

Threads with active compile tasks:
C2 CompilerThread0    45737 7651   !   4       org.eclipse.core.internal.jobs.JobListeners::waitAndSendEvents (444 bytes)

VM state: not at safepoint (normal execution)

VM Mutex/Monitor currently owned by a thread: None

Heap address: 0x00000000c0000000, size: 1024 MB, Compressed Oops mode: 32-bit

CDS archive(s) not mapped
Compressed class space mapped at: 0x0000000100000000-0x0000000140000000, reserved size: 1073741824
Narrow klass base: 0x0000000000000000, Narrow klass shift: 3, Narrow klass range: 0x140000000

GC Precious Log:
 CPUs: 8 total, 8 available
 Memory: 16151M
 Large Page Support: Disabled
 NUMA Support: Disabled
 Compressed Oops: Enabled (32-bit)
 Alignments: Space 512K, Generation 512K, Heap 2M
 Heap Min Capacity: 100M
 Heap Initial Capacity: 100M
 Heap Max Capacity: 1G
 Pre-touch: Disabled
 Parallel Workers: 8

Heap:
 PSYoungGen      total 4608K, used 4286K [0x00000000eab00000, 0x00000000eb080000, 0x0000000100000000)
  eden space 3584K, 99% used [0x00000000eab00000,0x00000000eae7f880,0x00000000eae80000)
  from space 1024K, 68% used [0x00000000eae80000,0x00000000eaf30000,0x00000000eaf80000)
  to   space 1024K, 0% used [0x00000000eaf80000,0x00000000eaf80000,0x00000000eb080000)
 ParOldGen       total 335360K, used 308296K [0x00000000c0000000, 0x00000000d4780000, 0x00000000eab00000)
  object space 335360K, 91% used [0x00000000c0000000,0x00000000d2d12238,0x00000000d4780000)
 Metaspace       used 68827K, committed 69824K, reserved 1114112K
  class space    used 8395K, committed 8832K, reserved 1048576K

Card table byte_map: [0x00000137f2670000,0x00000137f2880000] _byte_map_base: 0x00000137f2070000

Marking Bits: (ParMarkBitMap*) 0x00007ffc247752c0
 Begin Bits: [0x00000137f29e0000, 0x00000137f39e0000)
 End Bits:   [0x00000137f39e0000, 0x00000137f49e0000)

Polling page: 0x00000137edeb0000

Metaspace:

Usage:
  Non-class:     59.02 MB used.
      Class:      8.20 MB used.
       Both:     67.21 MB used.

Virtual space:
  Non-class space:       64.00 MB reserved,      59.56 MB ( 93%) committed,  1 nodes.
      Class space:        1.00 GB reserved,       8.62 MB ( <1%) committed,  1 nodes.
             Both:        1.06 GB reserved,      68.19 MB (  6%) committed. 

Chunk freelists:
   Non-Class:  4.41 MB
       Class:  7.26 MB
        Both:  11.67 MB

MaxMetaspaceSize: unlimited
CompressedClassSpaceSize: 1.00 GB
Initial GC threshold: 21.00 MB
Current GC threshold: 94.50 MB
CDS: off
MetaspaceReclaimPolicy: balanced
 - commit_granule_bytes: 65536.
 - commit_granule_words: 8192.
 - virtual_space_node_default_size: 8388608.
 - enlarge_chunks_in_place: 1.
 - new_chunks_are_fully_committed: 0.
 - uncommit_free_chunks: 1.
 - use_allocation_guard: 0.
 - handle_deallocations: 1.


Internal statistics:

num_allocs_failed_limit: 6.
num_arena_births: 532.
num_arena_deaths: 14.
num_vsnodes_births: 2.
num_vsnodes_deaths: 0.
num_space_committed: 1091.
num_space_uncommitted: 0.
num_chunks_returned_to_freelist: 20.
num_chunks_taken_from_freelist: 2881.
num_chunk_merges: 7.
num_chunk_splits: 1940.
num_chunks_enlarged: 1338.
num_inconsistent_stats: 0.

CodeHeap 'non-profiled nmethods': size=120000Kb used=5549Kb max_used=5789Kb free=114450Kb
 bounds [0x0000013787ad0000, 0x0000013788080000, 0x000001378f000000]
CodeHeap 'profiled nmethods': size=120000Kb used=11070Kb max_used=13229Kb free=108929Kb
 bounds [0x0000013780000000, 0x0000013780cf0000, 0x0000013787530000]
CodeHeap 'non-nmethods': size=5760Kb used=1371Kb max_used=1444Kb free=4388Kb
 bounds [0x0000013787530000, 0x00000137877a0000, 0x0000013787ad0000]
 total_blobs=6776 nmethods=6078 adapters=611
 compilation: enabled
              stopped_count=0, restarted_count=0
 full_count=0

Compilation events (20 events):
Event: 38.612 Thread 0x00000137f9e9be60 nmethod 7640 0x00000137801bf610 code [0x00000137801bf980, 0x00000137801c1348]
Event: 39.013 Thread 0x00000137f9e76920 7641       4       java.util.concurrent.locks.ReentrantLock$Sync::tryLockNanos (36 bytes)
Event: 39.015 Thread 0x00000137f9e76920 nmethod 7641 0x0000013787f12890 code [0x0000013787f12a20, 0x0000013787f12bd8]
Event: 39.817 Thread 0x00000137f9e9be60 7642       1       java.util.concurrent.ThreadPoolExecutor::getQueue (5 bytes)
Event: 39.817 Thread 0x00000137f9e9be60 nmethod 7642 0x0000013787efd990 code [0x0000013787efdb20, 0x0000013787efdbf8]
Event: 40.115 Thread 0x00000137f9e9be60 7643       3       java.util.concurrent.ScheduledThreadPoolExecutor$DelayedWorkQueue::setIndex (16 bytes)
Event: 40.115 Thread 0x00000137f9e9be60 nmethod 7643 0x0000013780312f90 code [0x0000013780313140, 0x0000013780313438]
Event: 40.814 Thread 0x00000137f9e9be60 7644       1       org.gradle.internal.logging.console.ThrottlingOutputEventListener::access$000 (5 bytes)
Event: 40.815 Thread 0x00000137f9e9be60 nmethod 7644 0x0000013787f12590 code [0x0000013787f12720, 0x0000013787f127d8]
Event: 40.815 Thread 0x00000137f9e9be60 7645       1       org.gradle.internal.logging.events.UpdateNowEvent::getLogLevel (2 bytes)
Event: 40.815 Thread 0x00000137f9e9be60 nmethod 7645 0x0000013787f12290 code [0x0000013787f12420, 0x0000013787f124f8]
Event: 41.807 Thread 0x00000137f9e9be60 7646       3       java.util.concurrent.atomic.AtomicLong::compareAndSet (13 bytes)
Event: 41.807 Thread 0x00000137f9e9be60 nmethod 7646 0x0000013780701f10 code [0x00000137807020a0, 0x00000137807021d8]
Event: 42.410 Thread 0x00000137f9e9be60 7647       3       java.util.concurrent.ScheduledThreadPoolExecutor$ScheduledFutureTask::getDelay (16 bytes)
Event: 42.410 Thread 0x00000137f9e9be60 nmethod 7647 0x000001378099ae10 code [0x000001378099afc0, 0x000001378099b148]
Event: 42.690 Thread 0x00000137f9e9be60 7648       3       java.util.TaskQueue::fixDown (108 bytes)
Event: 42.691 Thread 0x00000137f9e9be60 nmethod 7648 0x0000013780402d90 code [0x0000013780402f60, 0x0000013780403538]
Event: 43.308 Thread 0x00000137f9e9be60 7650       3       jdk.internal.misc.Unsafe::putIntOpaque (9 bytes)
Event: 43.308 Thread 0x00000137f9e9be60 nmethod 7650 0x0000013780a25510 code [0x0000013780a256a0, 0x0000013780a257b8]
Event: 43.681 Thread 0x00000137f9e76920 7651   !   4       org.eclipse.core.internal.jobs.JobListeners::waitAndSendEvents (444 bytes)

GC Heap History (20 events):
Event: 27.685 GC heap before
{Heap before GC invocations=273 (full 12):
 PSYoungGen      total 4608K, used 4396K [0x00000000eab00000, 0x00000000eb080000, 0x0000000100000000)
  eden space 3584K, 100% used [0x00000000eab00000,0x00000000eae80000,0x00000000eae80000)
  from space 1024K, 79% used [0x00000000eaf00000,0x00000000eafcb2f8,0x00000000eb000000)
  to   space 512K, 0% used [0x00000000eb000000,0x00000000eb000000,0x00000000eb080000)
 ParOldGen       total 335360K, used 307656K [0x00000000c0000000, 0x00000000d4780000, 0x00000000eab00000)
  object space 335360K, 91% used [0x00000000c0000000,0x00000000d2c720e8,0x00000000d4780000)
 Metaspace       used 67011K, committed 67968K, reserved 1114112K
  class space    used 8051K, committed 8448K, reserved 1048576K
}
Event: 27.686 GC heap after
{Heap after GC invocations=273 (full 12):
 PSYoungGen      total 4096K, used 508K [0x00000000eab00000, 0x00000000eb080000, 0x0000000100000000)
  eden space 3584K, 0% used [0x00000000eab00000,0x00000000eab00000,0x00000000eae80000)
  from space 512K, 99% used [0x00000000eb000000,0x00000000eb07f178,0x00000000eb080000)
  to   space 1024K, 0% used [0x00000000eae80000,0x00000000eae80000,0x00000000eaf80000)
 ParOldGen       total 335360K, used 307794K [0x00000000c0000000, 0x00000000d4780000, 0x00000000eab00000)
  object space 335360K, 91% used [0x00000000c0000000,0x00000000d2c94a98,0x00000000d4780000)
 Metaspace       used 67011K, committed 67968K, reserved 1114112K
  class space    used 8051K, committed 8448K, reserved 1048576K
}
Event: 27.713 GC heap before
{Heap before GC invocations=274 (full 12):
 PSYoungGen      total 4096K, used 4092K [0x00000000eab00000, 0x00000000eb080000, 0x0000000100000000)
  eden space 3584K, 100% used [0x00000000eab00000,0x00000000eae80000,0x00000000eae80000)
  from space 512K, 99% used [0x00000000eb000000,0x00000000eb07f178,0x00000000eb080000)
  to   space 1024K, 0% used [0x00000000eae80000,0x00000000eae80000,0x00000000eaf80000)
 ParOldGen       total 335360K, used 307794K [0x00000000c0000000, 0x00000000d4780000, 0x00000000eab00000)
  object space 335360K, 91% used [0x00000000c0000000,0x00000000d2c94a98,0x00000000d4780000)
 Metaspace       used 67269K, committed 68224K, reserved 1114112K
  class space    used 8110K, committed 8512K, reserved 1048576K
}
Event: 27.714 GC heap after
{Heap after GC invocations=274 (full 12):
 PSYoungGen      total 4608K, used 500K [0x00000000eab00000, 0x00000000eb080000, 0x0000000100000000)
  eden space 3584K, 0% used [0x00000000eab00000,0x00000000eab00000,0x00000000eae80000)
  from space 1024K, 48% used [0x00000000eae80000,0x00000000eaefd150,0x00000000eaf80000)
  to   space 1024K, 0% used [0x00000000eaf80000,0x00000000eaf80000,0x00000000eb080000)
 ParOldGen       total 335360K, used 307850K [0x00000000c0000000, 0x00000000d4780000, 0x00000000eab00000)
  object space 335360K, 91% used [0x00000000c0000000,0x00000000d2ca2a98,0x00000000d4780000)
 Metaspace       used 67269K, committed 68224K, reserved 1114112K
  class space    used 8110K, committed 8512K, reserved 1048576K
}
Event: 27.739 GC heap before
{Heap before GC invocations=275 (full 12):
 PSYoungGen      total 4608K, used 4084K [0x00000000eab00000, 0x00000000eb080000, 0x0000000100000000)
  eden space 3584K, 100% used [0x00000000eab00000,0x00000000eae80000,0x00000000eae80000)
  from space 1024K, 48% used [0x00000000eae80000,0x00000000eaefd150,0x00000000eaf80000)
  to   space 1024K, 0% used [0x00000000eaf80000,0x00000000eaf80000,0x00000000eb080000)
 ParOldGen       total 335360K, used 307850K [0x00000000c0000000, 0x00000000d4780000, 0x00000000eab00000)
  object space 335360K, 91% used [0x00000000c0000000,0x00000000d2ca2a98,0x00000000d4780000)
 Metaspace       used 67339K, committed 68288K, reserved 1114112K
  class space    used 8128K, committed 8512K, reserved 1048576K
}
Event: 27.739 GC heap after
{Heap after GC invocations=275 (full 12):
 PSYoungGen      total 4608K, used 525K [0x00000000eab00000, 0x00000000eb080000, 0x0000000100000000)
  eden space 3584K, 0% used [0x00000000eab00000,0x00000000eab00000,0x00000000eae80000)
  from space 1024K, 51% used [0x00000000eaf80000,0x00000000eb0037e0,0x00000000eb080000)
  to   space 1024K, 0% used [0x00000000eae80000,0x00000000eae80000,0x00000000eaf80000)
 ParOldGen       total 335360K, used 307850K [0x00000000c0000000, 0x00000000d4780000, 0x00000000eab00000)
  object space 335360K, 91% used [0x00000000c0000000,0x00000000d2ca2a98,0x00000000d4780000)
 Metaspace       used 67339K, committed 68288K, reserved 1114112K
  class space    used 8128K, committed 8512K, reserved 1048576K
}
Event: 27.759 GC heap before
{Heap before GC invocations=276 (full 12):
 PSYoungGen      total 4608K, used 4109K [0x00000000eab00000, 0x00000000eb080000, 0x0000000100000000)
  eden space 3584K, 100% used [0x00000000eab00000,0x00000000eae80000,0x00000000eae80000)
  from space 1024K, 51% used [0x00000000eaf80000,0x00000000eb0037e0,0x00000000eb080000)
  to   space 1024K, 0% used [0x00000000eae80000,0x00000000eae80000,0x00000000eaf80000)
 ParOldGen       total 335360K, used 307850K [0x00000000c0000000, 0x00000000d4780000, 0x00000000eab00000)
  object space 335360K, 91% used [0x00000000c0000000,0x00000000d2ca2a98,0x00000000d4780000)
 Metaspace       used 67469K, committed 68416K, reserved 1114112K
  class space    used 8173K, committed 8576K, reserved 1048576K
}
Event: 27.760 GC heap after
{Heap after GC invocations=276 (full 12):
 PSYoungGen      total 4608K, used 539K [0x00000000eab00000, 0x00000000eb080000, 0x0000000100000000)
  eden space 3584K, 0% used [0x00000000eab00000,0x00000000eab00000,0x00000000eae80000)
  from space 1024K, 52% used [0x00000000eae80000,0x00000000eaf06fc0,0x00000000eaf80000)
  to   space 1024K, 0% used [0x00000000eaf80000,0x00000000eaf80000,0x00000000eb080000)
 ParOldGen       total 335360K, used 307938K [0x00000000c0000000, 0x00000000d4780000, 0x00000000eab00000)
  object space 335360K, 91% used [0x00000000c0000000,0x00000000d2cb8a98,0x00000000d4780000)
 Metaspace       used 67469K, committed 68416K, reserved 1114112K
  class space    used 8173K, committed 8576K, reserved 1048576K
}
Event: 27.780 GC heap before
{Heap before GC invocations=277 (full 12):
 PSYoungGen      total 4608K, used 4123K [0x00000000eab00000, 0x00000000eb080000, 0x0000000100000000)
  eden space 3584K, 100% used [0x00000000eab00000,0x00000000eae80000,0x00000000eae80000)
  from space 1024K, 52% used [0x00000000eae80000,0x00000000eaf06fc0,0x00000000eaf80000)
  to   space 1024K, 0% used [0x00000000eaf80000,0x00000000eaf80000,0x00000000eb080000)
 ParOldGen       total 335360K, used 307938K [0x00000000c0000000, 0x00000000d4780000, 0x00000000eab00000)
  object space 335360K, 91% used [0x00000000c0000000,0x00000000d2cb8a98,0x00000000d4780000)
 Metaspace       used 67560K, committed 68480K, reserved 1114112K
  class space    used 8213K, committed 8576K, reserved 1048576K
}
Event: 27.781 GC heap after
{Heap after GC invocations=277 (full 12):
 PSYoungGen      total 4096K, used 384K [0x00000000eab00000, 0x00000000eb000000, 0x0000000100000000)
  eden space 3584K, 0% used [0x00000000eab00000,0x00000000eab00000,0x00000000eae80000)
  from space 512K, 75% used [0x00000000eaf80000,0x00000000eafe0000,0x00000000eb000000)
  to   space 512K, 0% used [0x00000000eaf00000,0x00000000eaf00000,0x00000000eaf80000)
 ParOldGen       total 335360K, used 307994K [0x00000000c0000000, 0x00000000d4780000, 0x00000000eab00000)
  object space 335360K, 91% used [0x00000000c0000000,0x00000000d2cc6a98,0x00000000d4780000)
 Metaspace       used 67560K, committed 68480K, reserved 1114112K
  class space    used 8213K, committed 8576K, reserved 1048576K
}
Event: 27.806 GC heap before
{Heap before GC invocations=278 (full 12):
 PSYoungGen      total 4096K, used 3968K [0x00000000eab00000, 0x00000000eb000000, 0x0000000100000000)
  eden space 3584K, 100% used [0x00000000eab00000,0x00000000eae80000,0x00000000eae80000)
  from space 512K, 75% used [0x00000000eaf80000,0x00000000eafe0000,0x00000000eb000000)
  to   space 512K, 0% used [0x00000000eaf00000,0x00000000eaf00000,0x00000000eaf80000)
 ParOldGen       total 335360K, used 307994K [0x00000000c0000000, 0x00000000d4780000, 0x00000000eab00000)
  object space 335360K, 91% used [0x00000000c0000000,0x00000000d2cc6a98,0x00000000d4780000)
 Metaspace       used 67623K, committed 68608K, reserved 1114112K
  class space    used 8223K, committed 8640K, reserved 1048576K
}
Event: 27.807 GC heap after
{Heap after GC invocations=278 (full 12):
 PSYoungGen      total 4096K, used 512K [0x00000000eab00000, 0x00000000eb080000, 0x0000000100000000)
  eden space 3584K, 0% used [0x00000000eab00000,0x00000000eab00000,0x00000000eae80000)
  from space 512K, 100% used [0x00000000eaf00000,0x00000000eaf80000,0x00000000eaf80000)
  to   space 1024K, 0% used [0x00000000eaf80000,0x00000000eaf80000,0x00000000eb080000)
 ParOldGen       total 335360K, used 308050K [0x00000000c0000000, 0x00000000d4780000, 0x00000000eab00000)
  object space 335360K, 91% used [0x00000000c0000000,0x00000000d2cd4a98,0x00000000d4780000)
 Metaspace       used 67623K, committed 68608K, reserved 1114112K
  class space    used 8223K, committed 8640K, reserved 1048576K
}
Event: 27.847 GC heap before
{Heap before GC invocations=279 (full 12):
 PSYoungGen      total 4096K, used 4096K [0x00000000eab00000, 0x00000000eb080000, 0x0000000100000000)
  eden space 3584K, 100% used [0x00000000eab00000,0x00000000eae80000,0x00000000eae80000)
  from space 512K, 100% used [0x00000000eaf00000,0x00000000eaf80000,0x00000000eaf80000)
  to   space 1024K, 0% used [0x00000000eaf80000,0x00000000eaf80000,0x00000000eb080000)
 ParOldGen       total 335360K, used 308050K [0x00000000c0000000, 0x00000000d4780000, 0x00000000eab00000)
  object space 335360K, 91% used [0x00000000c0000000,0x00000000d2cd4a98,0x00000000d4780000)
 Metaspace       used 67957K, committed 68928K, reserved 1114112K
  class space    used 8287K, committed 8704K, reserved 1048576K
}
Event: 27.848 GC heap after
{Heap after GC invocations=279 (full 12):
 PSYoungGen      total 4608K, used 544K [0x00000000eab00000, 0x00000000eb080000, 0x0000000100000000)
  eden space 3584K, 0% used [0x00000000eab00000,0x00000000eab00000,0x00000000eae80000)
  from space 1024K, 53% used [0x00000000eaf80000,0x00000000eb008000,0x00000000eb080000)
  to   space 1024K, 0% used [0x00000000eae80000,0x00000000eae80000,0x00000000eaf80000)
 ParOldGen       total 335360K, used 308098K [0x00000000c0000000, 0x00000000d4780000, 0x00000000eab00000)
  object space 335360K, 91% used [0x00000000c0000000,0x00000000d2ce0a98,0x00000000d4780000)
 Metaspace       used 67957K, committed 68928K, reserved 1114112K
  class space    used 8287K, committed 8704K, reserved 1048576K
}
Event: 28.007 GC heap before
{Heap before GC invocations=280 (full 12):
 PSYoungGen      total 4608K, used 4128K [0x00000000eab00000, 0x00000000eb080000, 0x0000000100000000)
  eden space 3584K, 100% used [0x00000000eab00000,0x00000000eae80000,0x00000000eae80000)
  from space 1024K, 53% used [0x00000000eaf80000,0x00000000eb008000,0x00000000eb080000)
  to   space 1024K, 0% used [0x00000000eae80000,0x00000000eae80000,0x00000000eaf80000)
 ParOldGen       total 335360K, used 308098K [0x00000000c0000000, 0x00000000d4780000, 0x00000000eab00000)
  object space 335360K, 91% used [0x00000000c0000000,0x00000000d2ce0a98,0x00000000d4780000)
 Metaspace       used 68424K, committed 69440K, reserved 1114112K
  class space    used 8349K, committed 8832K, reserved 1048576K
}
Event: 28.008 GC heap after
{Heap after GC invocations=280 (full 12):
 PSYoungGen      total 4608K, used 672K [0x00000000eab00000, 0x00000000eb080000, 0x0000000100000000)
  eden space 3584K, 0% used [0x00000000eab00000,0x00000000eab00000,0x00000000eae80000)
  from space 1024K, 65% used [0x00000000eae80000,0x00000000eaf28000,0x00000000eaf80000)
  to   space 1024K, 0% used [0x00000000eaf80000,0x00000000eaf80000,0x00000000eb080000)
 ParOldGen       total 335360K, used 308170K [0x00000000c0000000, 0x00000000d4780000, 0x00000000eab00000)
  object space 335360K, 91% used [0x00000000c0000000,0x00000000d2cf2a98,0x00000000d4780000)
 Metaspace       used 68424K, committed 69440K, reserved 1114112K
  class space    used 8349K, committed 8832K, reserved 1048576K
}
Event: 34.173 GC heap before
{Heap before GC invocations=281 (full 12):
 PSYoungGen      total 4608K, used 4255K [0x00000000eab00000, 0x00000000eb080000, 0x0000000100000000)
  eden space 3584K, 99% used [0x00000000eab00000,0x00000000eae7fff0,0x00000000eae80000)
  from space 1024K, 65% used [0x00000000eae80000,0x00000000eaf28000,0x00000000eaf80000)
  to   space 1024K, 0% used [0x00000000eaf80000,0x00000000eaf80000,0x00000000eb080000)
 ParOldGen       total 335360K, used 308170K [0x00000000c0000000, 0x00000000d4780000, 0x00000000eab00000)
  object space 335360K, 91% used [0x00000000c0000000,0x00000000d2cf2a98,0x00000000d4780000)
 Metaspace       used 68581K, committed 69632K, reserved 1114112K
  class space    used 8365K, committed 8832K, reserved 1048576K
}
Event: 34.176 GC heap after
{Heap after GC invocations=281 (full 12):
 PSYoungGen      total 4608K, used 768K [0x00000000eab00000, 0x00000000eb080000, 0x0000000100000000)
  eden space 3584K, 0% used [0x00000000eab00000,0x00000000eab00000,0x00000000eae80000)
  from space 1024K, 75% used [0x00000000eaf80000,0x00000000eb040000,0x00000000eb080000)
  to   space 1024K, 0% used [0x00000000eae80000,0x00000000eae80000,0x00000000eaf80000)
 ParOldGen       total 335360K, used 308234K [0x00000000c0000000, 0x00000000d4780000, 0x00000000eab00000)
  object space 335360K, 91% used [0x00000000c0000000,0x00000000d2d02a98,0x00000000d4780000)
 Metaspace       used 68581K, committed 69632K, reserved 1114112K
  class space    used 8365K, committed 8832K, reserved 1048576K
}
Event: 35.719 GC heap before
{Heap before GC invocations=282 (full 12):
 PSYoungGen      total 4608K, used 4352K [0x00000000eab00000, 0x00000000eb080000, 0x0000000100000000)
  eden space 3584K, 100% used [0x00000000eab00000,0x00000000eae80000,0x00000000eae80000)
  from space 1024K, 75% used [0x00000000eaf80000,0x00000000eb040000,0x00000000eb080000)
  to   space 1024K, 0% used [0x00000000eae80000,0x00000000eae80000,0x00000000eaf80000)
 ParOldGen       total 335360K, used 308234K [0x00000000c0000000, 0x00000000d4780000, 0x00000000eab00000)
  object space 335360K, 91% used [0x00000000c0000000,0x00000000d2d02a98,0x00000000d4780000)
 Metaspace       used 68816K, committed 69824K, reserved 1114112K
  class space    used 8395K, committed 8832K, reserved 1048576K
}
Event: 35.720 GC heap after
{Heap after GC invocations=282 (full 12):
 PSYoungGen      total 4608K, used 704K [0x00000000eab00000, 0x00000000eb080000, 0x0000000100000000)
  eden space 3584K, 0% used [0x00000000eab00000,0x00000000eab00000,0x00000000eae80000)
  from space 1024K, 68% used [0x00000000eae80000,0x00000000eaf30000,0x00000000eaf80000)
  to   space 1024K, 0% used [0x00000000eaf80000,0x00000000eaf80000,0x00000000eb080000)
 ParOldGen       total 335360K, used 308296K [0x00000000c0000000, 0x00000000d4780000, 0x00000000eab00000)
  object space 335360K, 91% used [0x00000000c0000000,0x00000000d2d12238,0x00000000d4780000)
 Metaspace       used 68816K, committed 69824K, reserved 1114112K
  class space    used 8395K, committed 8832K, reserved 1048576K
}

Dll operation events (14 events):
Event: 0.012 Loaded shared library c:\Users\HP\.vscode\extensions\redhat.java-1.21.0-win32-x64\jre\17.0.7-win32-x86_64\bin\java.dll
Event: 0.122 Loaded shared library c:\Users\HP\.vscode\extensions\redhat.java-1.21.0-win32-x64\jre\17.0.7-win32-x86_64\bin\zip.dll
Event: 0.124 Loaded shared library C:\Users\HP\.vscode\extensions\redhat.java-1.21.0-win32-x64\jre\17.0.7-win32-x86_64\bin\instrument.dll
Event: 0.138 Loaded shared library C:\Users\HP\.vscode\extensions\redhat.java-1.21.0-win32-x64\jre\17.0.7-win32-x86_64\bin\net.dll
Event: 0.140 Loaded shared library C:\Users\HP\.vscode\extensions\redhat.java-1.21.0-win32-x64\jre\17.0.7-win32-x86_64\bin\nio.dll
Event: 0.150 Loaded shared library C:\Users\HP\.vscode\extensions\redhat.java-1.21.0-win32-x64\jre\17.0.7-win32-x86_64\bin\zip.dll
Event: 0.162 Loaded shared library C:\Users\HP\.vscode\extensions\redhat.java-1.21.0-win32-x64\jre\17.0.7-win32-x86_64\bin\jimage.dll
Event: 0.200 Loaded shared library c:\Users\HP\.vscode\extensions\redhat.java-1.21.0-win32-x64\jre\17.0.7-win32-x86_64\bin\verify.dll
Event: 3.564 Loaded shared library C:\Users\HP\AppData\Roaming\Code\User\globalStorage\redhat.java\1.21.0\config_win\org.eclipse.equinox.launcher\org.eclipse.equinox.launcher.win32.win32.x86_64_1.2.700.v20221108-1024\eclipse_11801.dll
Event: 4.028 Loaded shared library C:\Users\HP\.vscode\extensions\redhat.java-1.21.0-win32-x64\jre\17.0.7-win32-x86_64\bin\management.dll
Event: 4.031 Loaded shared library C:\Users\HP\.vscode\extensions\redhat.java-1.21.0-win32-x64\jre\17.0.7-win32-x86_64\bin\management_ext.dll
Event: 6.876 Loaded shared library C:\Users\HP\AppData\Local\Temp\jna-2312\jna7105069370421253780.dll
Event: 8.571 Loaded shared library C:\Users\HP\.vscode\extensions\redhat.java-1.21.0-win32-x64\jre\17.0.7-win32-x86_64\bin\sunmscapi.dll
Event: 20.217 Loaded shared library C:\Users\HP\.gradle\native\e1d6ef7f7dcc3fd88c89a11ec53ec762bb8ba0a96d01ffa2cd45eb1d1d8dd5c5\windows-amd64\native-platform.dll

Deoptimization events (20 events):
Event: 35.675 Thread 0x00000137f9e66ec0 Uncommon trap: trap_request=0xffffffde fr.pc=0x0000013787f0a520 relative=0x00000000000016a0
Event: 35.675 Thread 0x00000137f9e66ec0 Uncommon trap: reason=class_check action=maybe_recompile pc=0x0000013787f0a520 method=java.nio.file.Files.newByteChannel(Ljava/nio/file/Path;Ljava/util/Set;[Ljava/nio/file/attribute/FileAttribute;)Ljava/nio/channels/SeekableByteChannel; @ 7 c2
Event: 35.675 Thread 0x00000137f9e66ec0 DEOPT PACKING pc=0x0000013787f0a520 sp=0x000000096f3feee0
Event: 35.675 Thread 0x00000137f9e66ec0 DEOPT UNPACKING pc=0x0000013787589ea3 sp=0x000000096f3fedd0 mode 2
Event: 35.688 Thread 0x00000137fcb81a70 Uncommon trap: trap_request=0xffffff45 fr.pc=0x0000013787f26a60 relative=0x0000000000000580
Event: 35.688 Thread 0x00000137fcb81a70 Uncommon trap: reason=unstable_if action=reinterpret pc=0x0000013787f26a60 method=java.net.URI.appendAuthority(Ljava/lang/StringBuilder;Ljava/lang/String;Ljava/lang/String;Ljava/lang/String;I)V @ 2 c2
Event: 35.688 Thread 0x00000137fcb81a70 DEOPT PACKING pc=0x0000013787f26a60 sp=0x00000009706fe590
Event: 35.688 Thread 0x00000137fcb81a70 DEOPT UNPACKING pc=0x0000013787589ea3 sp=0x00000009706fe4c8 mode 2
Event: 35.689 Thread 0x00000137fcb81a70 Uncommon trap: trap_request=0xffffffbe fr.pc=0x0000013787eba6d0 relative=0x00000000000009d0
Event: 35.689 Thread 0x00000137fcb81a70 Uncommon trap: reason=profile_predicate action=maybe_recompile pc=0x0000013787eba6d0 method=java.util.regex.Pattern$BnM.optimize(Ljava/util/regex/Pattern$Node;)Ljava/util/regex/Pattern$Node; @ 67 c2
Event: 35.689 Thread 0x00000137fcb81a70 DEOPT PACKING pc=0x0000013787eba6d0 sp=0x00000009706fe3c0
Event: 35.689 Thread 0x00000137fcb81a70 DEOPT UNPACKING pc=0x0000013787589ea3 sp=0x00000009706fe2f0 mode 2
Event: 35.689 Thread 0x00000137fcb81a70 Uncommon trap: trap_request=0xffffffbe fr.pc=0x0000013787eba6d0 relative=0x00000000000009d0
Event: 35.689 Thread 0x00000137fcb81a70 Uncommon trap: reason=profile_predicate action=maybe_recompile pc=0x0000013787eba6d0 method=java.util.regex.Pattern$BnM.optimize(Ljava/util/regex/Pattern$Node;)Ljava/util/regex/Pattern$Node; @ 67 c2
Event: 35.689 Thread 0x00000137fcb81a70 DEOPT PACKING pc=0x0000013787eba6d0 sp=0x00000009706fe3c0
Event: 35.689 Thread 0x00000137fcb81a70 DEOPT UNPACKING pc=0x0000013787589ea3 sp=0x00000009706fe2f0 mode 2
Event: 35.689 Thread 0x00000137fcb81a70 Uncommon trap: trap_request=0xffffffbe fr.pc=0x0000013787eba6d0 relative=0x00000000000009d0
Event: 35.689 Thread 0x00000137fcb81a70 Uncommon trap: reason=profile_predicate action=maybe_recompile pc=0x0000013787eba6d0 method=java.util.regex.Pattern$BnM.optimize(Ljava/util/regex/Pattern$Node;)Ljava/util/regex/Pattern$Node; @ 67 c2
Event: 35.689 Thread 0x00000137fcb81a70 DEOPT PACKING pc=0x0000013787eba6d0 sp=0x00000009706fe3c0
Event: 35.689 Thread 0x00000137fcb81a70 DEOPT UNPACKING pc=0x0000013787589ea3 sp=0x00000009706fe2f0 mode 2

Classes unloaded (7 events):
Event: 4.137 Thread 0x00000137ef7fded0 Unloading class 0x0000000100218000 'java/lang/invoke/LambdaForm$MH+0x0000000100218000'
Event: 4.137 Thread 0x00000137ef7fded0 Unloading class 0x0000000100217c00 'java/lang/invoke/LambdaForm$MH+0x0000000100217c00'
Event: 4.137 Thread 0x00000137ef7fded0 Unloading class 0x0000000100217800 'java/lang/invoke/LambdaForm$MH+0x0000000100217800'
Event: 4.137 Thread 0x00000137ef7fded0 Unloading class 0x0000000100217400 'java/lang/invoke/LambdaForm$MH+0x0000000100217400'
Event: 4.137 Thread 0x00000137ef7fded0 Unloading class 0x0000000100217000 'java/lang/invoke/LambdaForm$BMH+0x0000000100217000'
Event: 4.137 Thread 0x00000137ef7fded0 Unloading class 0x0000000100216c00 'java/lang/invoke/LambdaForm$DMH+0x0000000100216c00'
Event: 4.137 Thread 0x00000137ef7fded0 Unloading class 0x0000000100214000 'java/lang/invoke/LambdaForm$DMH+0x0000000100214000'

Classes redefined (0 events):
No events

Internal exceptions (20 events):
Event: 25.644 Thread 0x00000137fcb83c20 Exception <a 'java/lang/NoClassDefFoundError'{0x00000000eab11c40}: org/slf4j/impl/StaticMarkerBinder> (0x00000000eab11c40) 
thrown [s\src\hotspot\share\classfile\systemDictionary.cpp, line 245]
Event: 25.816 Thread 0x00000137fcb81f40 Exception <a 'java/lang/NoSuchMethodError'{0x00000000eae81548}: 'void java.lang.invoke.DirectMethodHandle$Holder.invokeStatic(java.lang.Object, long)'> (0x00000000eae81548) 
thrown [s\src\hotspot\share\interpreter\linkResolver.cpp, line 759]
Event: 25.816 Thread 0x00000137fcb81f40 Exception <a 'java/lang/NoSuchMethodError'{0x00000000eae86e80}: 'java.lang.Object java.lang.invoke.DirectMethodHandle$Holder.newInvokeSpecial(java.lang.Object, long)'> (0x00000000eae86e80) 
thrown [s\src\hotspot\share\interpreter\linkResolver.cpp, line 759]
Event: 25.996 Thread 0x00000137f9e66ec0 Exception <a 'sun/nio/fs/WindowsException'{0x00000000eabd1cd0}> (0x00000000eabd1cd0) 
thrown [s\src\hotspot\share\prims\jni.cpp, line 516]
Event: 26.000 Thread 0x00000137f9e66ec0 Exception <a 'sun/nio/fs/WindowsException'{0x00000000eabdd9f0}> (0x00000000eabdd9f0) 
thrown [s\src\hotspot\share\prims\jni.cpp, line 516]
Event: 26.001 Thread 0x00000137f9e66ec0 Exception <a 'sun/nio/fs/WindowsException'{0x00000000eabe0110}> (0x00000000eabe0110) 
thrown [s\src\hotspot\share\prims\jni.cpp, line 516]
Event: 26.003 Thread 0x00000137f9e66ec0 Exception <a 'sun/nio/fs/WindowsException'{0x00000000eabeb3d0}> (0x00000000eabeb3d0) 
thrown [s\src\hotspot\share\prims\jni.cpp, line 516]
Event: 26.007 Thread 0x00000137f9e66ec0 Exception <a 'sun/nio/fs/WindowsException'{0x00000000eabfef50}> (0x00000000eabfef50) 
thrown [s\src\hotspot\share\prims\jni.cpp, line 516]
Event: 27.286 Thread 0x00000137f9e66ec0 Exception <a 'sun/nio/fs/WindowsException'{0x00000000ead8dc28}> (0x00000000ead8dc28) 
thrown [s\src\hotspot\share\prims\jni.cpp, line 516]
Event: 27.298 Thread 0x00000137f9e66ec0 Exception <a 'sun/nio/fs/WindowsException'{0x00000000eaddc220}> (0x00000000eaddc220) 
thrown [s\src\hotspot\share\prims\jni.cpp, line 516]
Event: 27.299 Thread 0x00000137f9e66ec0 Exception <a 'sun/nio/fs/WindowsException'{0x00000000eade2430}> (0x00000000eade2430) 
thrown [s\src\hotspot\share\prims\jni.cpp, line 516]
Event: 27.300 Thread 0x00000137f9e66ec0 Exception <a 'sun/nio/fs/WindowsException'{0x00000000eade7b88}> (0x00000000eade7b88) 
thrown [s\src\hotspot\share\prims\jni.cpp, line 516]
Event: 27.301 Thread 0x00000137f9e66ec0 Exception <a 'sun/nio/fs/WindowsException'{0x00000000eaded360}> (0x00000000eaded360) 
thrown [s\src\hotspot\share\prims\jni.cpp, line 516]
Event: 27.304 Thread 0x00000137f9e66ec0 Exception <a 'sun/nio/fs/WindowsException'{0x00000000eadf8f98}> (0x00000000eadf8f98) 
thrown [s\src\hotspot\share\prims\jni.cpp, line 516]
Event: 27.321 Thread 0x00000137f9e66ec0 Exception <a 'sun/nio/fs/WindowsException'{0x00000000eae48c90}> (0x00000000eae48c90) 
thrown [s\src\hotspot\share\prims\jni.cpp, line 516]
Event: 27.968 Thread 0x00000137fcb7fd90 Exception <a 'java/net/ConnectException'{0x00000000ead26a10}: Connection refused: no further information> (0x00000000ead26a10) 
thrown [s\src\hotspot\share\prims\jni.cpp, line 535]
Event: 35.587 Thread 0x00000137f9e66ec0 Exception <a 'java/lang/ClassNotFoundException'{0x00000000eabce348}: sun/misc/SharedSecrets> (0x00000000eabce348) 
thrown [s\src\hotspot\share\classfile\systemDictionary.cpp, line 256]
Event: 35.656 Thread 0x00000137f9e66ec0 Exception <a 'java/lang/NoSuchMethodError'{0x00000000ead177d0}: 'java.lang.Object java.lang.invoke.DirectMethodHandle$Holder.newInvokeSpecial(java.lang.Object, java.lang.Object, java.lang.Object, int)'> (0x00000000ead177d0) 
thrown [s\src\hotspot\share\interpreter\linkResolver.cpp, line 759]
Event: 35.657 Thread 0x00000137f9e66ec0 Exception <a 'java/lang/NoSuchMethodError'{0x00000000ead1b630}: 'java.lang.Object java.lang.invoke.DirectMethodHandle$Holder.invokeSpecial(java.lang.Object, java.lang.Object, java.lang.Object, java.lang.Object, int)'> (0x00000000ead1b630) 
thrown [s\src\hotspot\share\interpreter\linkResolver.cpp, line 759]
Event: 35.657 Thread 0x00000137f9e66ec0 Exception <a 'java/lang/NoSuchMethodError'{0x00000000ead1ecd8}: 'java.lang.Object java.lang.invoke.Invokers$Holder.linkToTargetMethod(java.lang.Object, java.lang.Object, int, java.lang.Object)'> (0x00000000ead1ecd8) 
thrown [s\src\hotspot\share\interpreter\linkResolver.cpp, line 759]

VM Operations (20 events):
Event: 27.846 Executing VM operation: ParallelGCFailedAllocation
Event: 27.848 Executing VM operation: ParallelGCFailedAllocation done
Event: 28.007 Executing VM operation: ParallelGCFailedAllocation
Event: 28.008 Executing VM operation: ParallelGCFailedAllocation done
Event: 29.014 Executing VM operation: Cleanup
Event: 29.014 Executing VM operation: Cleanup done
Event: 31.015 Executing VM operation: Cleanup
Event: 31.015 Executing VM operation: Cleanup done
Event: 34.173 Executing VM operation: ParallelGCFailedAllocation
Event: 34.176 Executing VM operation: ParallelGCFailedAllocation done
Event: 35.570 Executing VM operation: HandshakeAllThreads
Event: 35.570 Executing VM operation: HandshakeAllThreads done
Event: 35.570 Executing VM operation: Cleanup
Event: 35.570 Executing VM operation: Cleanup done
Event: 35.719 Executing VM operation: ParallelGCFailedAllocation
Event: 35.720 Executing VM operation: ParallelGCFailedAllocation done
Event: 36.734 Executing VM operation: Cleanup
Event: 36.734 Executing VM operation: Cleanup done
Event: 37.741 Executing VM operation: Cleanup
Event: 37.741 Executing VM operation: Cleanup done

Events (20 events):
Event: 35.591 loading class java/text/DontCareFieldPosition
Event: 35.592 loading class java/text/DontCareFieldPosition done
Event: 35.592 loading class java/text/DontCareFieldPosition$1
Event: 35.592 loading class java/text/Format$FieldDelegate
Event: 35.592 loading class java/text/Format$FieldDelegate done
Event: 35.592 loading class java/text/DontCareFieldPosition$1 done
Event: 35.592 loading class java/text/NumberFormat$Field
Event: 35.592 loading class java/text/NumberFormat$Field done
Event: 35.594 Thread 0x00000137fcb7fd90 Thread added: 0x00000137fcb7fd90
Event: 35.597 Thread 0x00000137fcb84f60 Thread added: 0x00000137fcb84f60
Event: 35.629 Thread 0x00000137fcb84f60 Thread exited: 0x00000137fcb84f60
Event: 35.686 Thread 0x00000137fcb7e0b0 Thread added: 0x00000137fcb7e0b0
Event: 35.687 Thread 0x00000137fcb81a70 Thread added: 0x00000137fcb81a70
Event: 35.697 Thread 0x00000137fcc16570 Thread added: 0x00000137fcc16570
Event: 35.704 Thread 0x00000137fcb84f60 Thread added: 0x00000137fcb84f60
Event: 35.796 Thread 0x00000137fcb80260 Thread added: 0x00000137fcb80260
Event: 35.805 Thread 0x00000137fcb7e580 Thread added: 0x00000137fcb7e580
Event: 35.805 Thread 0x00000137f9e65b80 Thread added: 0x00000137f9e65b80
Event: 35.805 Thread 0x00000137fcb7e580 Thread exited: 0x00000137fcb7e580
Event: 35.914 Thread 0x00000137fcc16570 Thread exited: 0x00000137fcc16570


Dynamic libraries:
0x00007ff6417f0000 - 0x00007ff6417fe000 	c:\Users\HP\.vscode\extensions\redhat.java-1.21.0-win32-x64\jre\17.0.7-win32-x86_64\bin\java.exe
0x00007ffca0330000 - 0x00007ffca0564000 	C:\WINDOWS\SYSTEM32\ntdll.dll
0x00007ffc9f850000 - 0x00007ffc9f918000 	C:\WINDOWS\System32\KERNEL32.DLL
0x00007ffc9dd70000 - 0x00007ffc9e0cc000 	C:\WINDOWS\System32\KERNELBASE.dll
0x00007ffc9a480000 - 0x00007ffc9a51e000 	C:\WINDOWS\SYSTEM32\apphelp.dll
0x00007ffc9d9c0000 - 0x00007ffc9daf2000 	C:\WINDOWS\System32\ucrtbase.dll
0x00007ffc93a80000 - 0x00007ffc93a97000 	c:\Users\HP\.vscode\extensions\redhat.java-1.21.0-win32-x64\jre\17.0.7-win32-x86_64\bin\jli.dll
0x00007ffc99d50000 - 0x00007ffc99d69000 	c:\Users\HP\.vscode\extensions\redhat.java-1.21.0-win32-x64\jre\17.0.7-win32-x86_64\bin\VCRUNTIME140.dll
0x00007ffc9f530000 - 0x00007ffc9f6e1000 	C:\WINDOWS\System32\USER32.dll
0x00007ffc9d760000 - 0x00007ffc9d787000 	C:\WINDOWS\System32\win32u.dll
0x00007ffc7ae50000 - 0x00007ffc7b0e1000 	C:\WINDOWS\WinSxS\amd64_microsoft.windows.common-controls_6595b64144ccf1df_6.0.25931.1000_none_8528a82747ae4d9b\COMCTL32.dll
0x00007ffc9fff0000 - 0x00007ffca0019000 	C:\WINDOWS\System32\GDI32.dll
0x00007ffc9f6f0000 - 0x00007ffc9f797000 	C:\WINDOWS\System32\msvcrt.dll
0x00007ffc9dbc0000 - 0x00007ffc9dcdf000 	C:\WINDOWS\System32\gdi32full.dll
0x00007ffc9d910000 - 0x00007ffc9d9b5000 	C:\WINDOWS\System32\msvcp_win.dll
0x00007ffc9f930000 - 0x00007ffc9f960000 	C:\WINDOWS\System32\IMM32.DLL
0x00007ffc7f0a0000 - 0x00007ffc7f0ac000 	c:\Users\HP\.vscode\extensions\redhat.java-1.21.0-win32-x64\jre\17.0.7-win32-x86_64\bin\vcruntime140_1.dll
0x00007ffc2fab0000 - 0x00007ffc2fb41000 	c:\Users\HP\.vscode\extensions\redhat.java-1.21.0-win32-x64\jre\17.0.7-win32-x86_64\bin\msvcp140.dll
0x00007ffc23bf0000 - 0x00007ffc24838000 	c:\Users\HP\.vscode\extensions\redhat.java-1.21.0-win32-x64\jre\17.0.7-win32-x86_64\bin\server\jvm.dll
0x00007ffc9e160000 - 0x00007ffc9e210000 	C:\WINDOWS\System32\ADVAPI32.dll
0x00007ffc9e7a0000 - 0x00007ffc9e840000 	C:\WINDOWS\System32\sechost.dll
0x00007ffc9f0e0000 - 0x00007ffc9f205000 	C:\WINDOWS\System32\RPCRT4.dll
0x00007ffc7cce0000 - 0x00007ffc7cce9000 	C:\WINDOWS\SYSTEM32\WSOCK32.dll
0x00007ffca0020000 - 0x00007ffca0093000 	C:\WINDOWS\System32\WS2_32.dll
0x00007ffc91ac0000 - 0x00007ffc91af4000 	C:\WINDOWS\SYSTEM32\WINMM.dll
0x00007ffc8b160000 - 0x00007ffc8b16a000 	C:\WINDOWS\SYSTEM32\VERSION.dll
0x00007ffc9c670000 - 0x00007ffc9c688000 	C:\WINDOWS\SYSTEM32\kernel.appcore.dll
0x00007ffc7f090000 - 0x00007ffc7f09a000 	c:\Users\HP\.vscode\extensions\redhat.java-1.21.0-win32-x64\jre\17.0.7-win32-x86_64\bin\jimage.dll
0x00007ffc9b0d0000 - 0x00007ffc9b305000 	C:\WINDOWS\SYSTEM32\DBGHELP.DLL
0x00007ffc9e420000 - 0x00007ffc9e799000 	C:\WINDOWS\System32\combase.dll
0x00007ffc9f000000 - 0x00007ffc9f0d5000 	C:\WINDOWS\System32\OLEAUT32.dll
0x00007ffc7d320000 - 0x00007ffc7d358000 	C:\WINDOWS\SYSTEM32\dbgcore.DLL
0x00007ffc9e0d0000 - 0x00007ffc9e151000 	C:\WINDOWS\System32\bcryptPrimitives.dll
0x00007ffc7ccf0000 - 0x00007ffc7ccfe000 	c:\Users\HP\.vscode\extensions\redhat.java-1.21.0-win32-x64\jre\17.0.7-win32-x86_64\bin\instrument.dll
0x00007ffc73ec0000 - 0x00007ffc73ee5000 	c:\Users\HP\.vscode\extensions\redhat.java-1.21.0-win32-x64\jre\17.0.7-win32-x86_64\bin\java.dll
0x00007ffc65e50000 - 0x00007ffc65e68000 	c:\Users\HP\.vscode\extensions\redhat.java-1.21.0-win32-x64\jre\17.0.7-win32-x86_64\bin\zip.dll
0x00007ffc9e870000 - 0x00007ffc9effa000 	C:\WINDOWS\System32\SHELL32.dll
0x00007ffc9b5a0000 - 0x00007ffc9bdf2000 	C:\WINDOWS\SYSTEM32\windows.storage.dll
0x00007ffc9f970000 - 0x00007ffc9fa43000 	C:\WINDOWS\System32\SHCORE.dll
0x00007ffca00a0000 - 0x00007ffca00fc000 	C:\WINDOWS\System32\shlwapi.dll
0x00007ffc9d690000 - 0x00007ffc9d6b3000 	C:\WINDOWS\SYSTEM32\profapi.dll
0x00007ffc641d0000 - 0x00007ffc641e9000 	C:\Users\HP\.vscode\extensions\redhat.java-1.21.0-win32-x64\jre\17.0.7-win32-x86_64\bin\net.dll
0x00007ffc94a10000 - 0x00007ffc94b2c000 	C:\WINDOWS\SYSTEM32\WINHTTP.dll
0x00007ffc9cb20000 - 0x00007ffc9cb88000 	C:\WINDOWS\system32\mswsock.dll
0x00007ffc3cb00000 - 0x00007ffc3cb15000 	C:\Users\HP\.vscode\extensions\redhat.java-1.21.0-win32-x64\jre\17.0.7-win32-x86_64\bin\nio.dll
0x00007ffc78bc0000 - 0x00007ffc78bd0000 	c:\Users\HP\.vscode\extensions\redhat.java-1.21.0-win32-x64\jre\17.0.7-win32-x86_64\bin\verify.dll
0x00007ffc2f2d0000 - 0x00007ffc2f30e000 	C:\Users\HP\AppData\Roaming\Code\User\globalStorage\redhat.java\1.21.0\config_win\org.eclipse.equinox.launcher\org.eclipse.equinox.launcher.win32.win32.x86_64_1.2.700.v20221108-1024\eclipse_11801.dll
0x00007ffc9e220000 - 0x00007ffc9e3b3000 	C:\WINDOWS\System32\ole32.dll
0x00007ffc76860000 - 0x00007ffc76869000 	C:\Users\HP\.vscode\extensions\redhat.java-1.21.0-win32-x64\jre\17.0.7-win32-x86_64\bin\management.dll
0x00007ffc73e30000 - 0x00007ffc73e3b000 	C:\Users\HP\.vscode\extensions\redhat.java-1.21.0-win32-x64\jre\17.0.7-win32-x86_64\bin\management_ext.dll
0x00007ffc9e850000 - 0x00007ffc9e858000 	C:\WINDOWS\System32\PSAPI.DLL
0x00007ffc9cdc0000 - 0x00007ffc9cddb000 	C:\WINDOWS\SYSTEM32\CRYPTSP.dll
0x00007ffc9c5d0000 - 0x00007ffc9c607000 	C:\WINDOWS\system32\rsaenh.dll
0x00007ffc9cc50000 - 0x00007ffc9cc7a000 	C:\WINDOWS\SYSTEM32\USERENV.dll
0x00007ffc9d100000 - 0x00007ffc9d128000 	C:\WINDOWS\SYSTEM32\bcrypt.dll
0x00007ffc9cde0000 - 0x00007ffc9cdec000 	C:\WINDOWS\SYSTEM32\CRYPTBASE.dll
0x00007ffc9c0d0000 - 0x00007ffc9c0ff000 	C:\WINDOWS\SYSTEM32\IPHLPAPI.DLL
0x00007ffc9f920000 - 0x00007ffc9f92a000 	C:\WINDOWS\System32\NSI.dll
0x00007ffc94d70000 - 0x00007ffc94d89000 	C:\WINDOWS\SYSTEM32\dhcpcsvc6.DLL
0x00007ffc94d40000 - 0x00007ffc94d5f000 	C:\WINDOWS\SYSTEM32\dhcpcsvc.DLL
0x00007ffc9c110000 - 0x00007ffc9c222000 	C:\WINDOWS\SYSTEM32\DNSAPI.dll
0x00007ffc2e0f0000 - 0x00007ffc2e135000 	C:\Users\HP\AppData\Local\Temp\jna-2312\jna7105069370421253780.dll
0x00007ffc73d80000 - 0x00007ffc73d8e000 	C:\Users\HP\.vscode\extensions\redhat.java-1.21.0-win32-x64\jre\17.0.7-win32-x86_64\bin\sunmscapi.dll
0x00007ffc9d790000 - 0x00007ffc9d904000 	C:\WINDOWS\System32\CRYPT32.dll
0x00007ffc9d0c0000 - 0x00007ffc9d0f1000 	C:\WINDOWS\SYSTEM32\ncrypt.dll
0x00007ffc9d070000 - 0x00007ffc9d0ae000 	C:\WINDOWS\SYSTEM32\NTASN1.dll
0x00007ffc8c510000 - 0x00007ffc8c51a000 	C:\Windows\System32\rasadhlp.dll
0x00007ffc97860000 - 0x00007ffc978e2000 	C:\WINDOWS\System32\fwpuclnt.dll
0x00007ffc2c9b0000 - 0x00007ffc2c9d7000 	C:\Users\HP\.gradle\native\e1d6ef7f7dcc3fd88c89a11ec53ec762bb8ba0a96d01ffa2cd45eb1d1d8dd5c5\windows-amd64\native-platform.dll

dbghelp: loaded successfully - version: 4.0.5 - missing functions: none
symbol engine: initialized successfully - sym options: 0x614 - pdb path: .;c:\Users\HP\.vscode\extensions\redhat.java-1.21.0-win32-x64\jre\17.0.7-win32-x86_64\bin;C:\WINDOWS\SYSTEM32;C:\WINDOWS\WinSxS\amd64_microsoft.windows.common-controls_6595b64144ccf1df_6.0.25931.1000_none_8528a82747ae4d9b;c:\Users\HP\.vscode\extensions\redhat.java-1.21.0-win32-x64\jre\17.0.7-win32-x86_64\bin\server;C:\Users\HP\AppData\Roaming\Code\User\globalStorage\redhat.java\1.21.0\config_win\org.eclipse.equinox.launcher\org.eclipse.equinox.launcher.win32.win32.x86_64_1.2.700.v20221108-1024;C:\Users\HP\AppData\Local\Temp\jna-2312;C:\Users\HP\.gradle\native\e1d6ef7f7dcc3fd88c89a11ec53ec762bb8ba0a96d01ffa2cd45eb1d1d8dd5c5\windows-amd64

VM Arguments:
jvm_args: --add-modules=ALL-SYSTEM --add-opens=java.base/java.util=ALL-UNNAMED --add-opens=java.base/java.lang=ALL-UNNAMED --add-opens=java.base/sun.nio.fs=ALL-UNNAMED -Declipse.application=org.eclipse.jdt.ls.core.id1 -Dosgi.bundles.defaultStartLevel=4 -Declipse.product=org.eclipse.jdt.ls.core.product -Djava.import.generatesMetadataFilesAtProjectRoot=false -Dfile.encoding=utf8 -XX:+UseParallelGC -XX:GCTimeRatio=4 -XX:AdaptiveSizePolicyWeight=90 -Dsun.zip.disableMemoryMapping=true -Xmx1G -Xms100m -Xlog:disable -javaagent:c:\Users\HP\.vscode\extensions\redhat.java-1.21.0-win32-x64\lombok\lombok-1.18.28.jar -XX:+HeapDumpOnOutOfMemoryError -XX:HeapDumpPath=c:\Users\HP\AppData\Roaming\Code\User\workspaceStorage\8aba52c0d25e5d5e3a4116cb3496c2ef\redhat.java -Daether.dependencyCollector.impl=bf 
java_command: c:\Users\HP\.vscode\extensions\redhat.java-1.21.0-win32-x64\server\plugins\org.eclipse.equinox.launcher_1.6.500.v20230717-2134.jar -configuration c:\Users\HP\AppData\Roaming\Code\User\globalStorage\redhat.java\1.21.0\config_win -data c:\Users\HP\AppData\Roaming\Code\User\workspaceStorage\8aba52c0d25e5d5e3a4116cb3496c2ef\redhat.java\jdt_ws
java_class_path (initial): c:\Users\HP\.vscode\extensions\redhat.java-1.21.0-win32-x64\server\plugins\org.eclipse.equinox.launcher_1.6.500.v20230717-2134.jar
Launcher Type: SUN_STANDARD

[Global flags]
    uintx AdaptiveSizePolicyWeight                 = 90                                        {product} {command line}
     intx CICompilerCount                          = 4                                         {product} {ergonomic}
    uintx GCTimeRatio                              = 4                                         {product} {command line}
     bool HeapDumpOnOutOfMemoryError               = true                                   {manageable} {command line}
    ccstr HeapDumpPath                             = c:\Users\HP\AppData\Roaming\Code\User\workspaceStorage\8aba52c0d25e5d5e3a4116cb3496c2ef\redhat.java         {manageable} {command line}
   size_t InitialHeapSize                          = 104857600                                 {product} {command line}
   size_t MaxHeapSize                              = 1073741824                                {product} {command line}
   size_t MaxNewSize                               = 357564416                                 {product} {ergonomic}
   size_t MinHeapDeltaBytes                        = 524288                                    {product} {ergonomic}
   size_t MinHeapSize                              = 104857600                                 {product} {command line}
   size_t NewSize                                  = 34603008                                  {product} {ergonomic}
    uintx NonNMethodCodeHeapSize                   = 5839372                                {pd product} {ergonomic}
    uintx NonProfiledCodeHeapSize                  = 122909434                              {pd product} {ergonomic}
   size_t OldSize                                  = 70254592                                  {product} {ergonomic}
    uintx ProfiledCodeHeapSize                     = 122909434                              {pd product} {ergonomic}
    uintx ReservedCodeCacheSize                    = 251658240                              {pd product} {ergonomic}
     bool SegmentedCodeCache                       = true                                      {product} {ergonomic}
   size_t SoftMaxHeapSize                          = 1073741824                             {manageable} {ergonomic}
     bool UseCompressedClassPointers               = true                           {product lp64_product} {ergonomic}
     bool UseCompressedOops                        = true                           {product lp64_product} {ergonomic}
     bool UseLargePagesIndividualAllocation        = false                                  {pd product} {ergonomic}
     bool UseParallelGC                            = true                                      {product} {command line}

Logging:
Log output configuration:
 #0: stdout all=off uptime,level,tags
 #1: stderr all=off uptime,level,tags

Environment Variables:
JAVA_HOME=C:\Program Files\Java
PATH=C:\Program Files\Common Files\Oracle\Java\javapath;C:\Python310\Scripts\;C:\Python310\;C:\windows\system32;C:\windows;C:\windows\System32\Wbem;C:\windows\System32\WindowsPowerShell\v1.0\;C:\windows\System32\OpenSSH\;C:\ProgramData\chocolatey\bin;C:\Program Files\Git\cmd;C:\Program Files\Microsoft SQL Server\150\Tools\Binn\;C:\MinGW\bin;C:\WINDOWS\system32;C:\WINDOWS;C:\WINDOWS\System32\Wbem;C:\WINDOWS\System32\WindowsPowerShell\v1.0\;C:\WINDOWS\System32\OpenSSH\;C:\Dart\dart-sdk\bin;C:\Program Files\nodejs\;C:\Program Files\Microsoft SQL Server\Client SDK\ODBC\170\Tools\Binn\;C:\Program Files\dotnet\;C:\Program Files\MySQL\MySQL Shell 8.0\bin\;C:\Users\HP\AppData\Local\Microsoft\WindowsApps;C:\flutter\bin;C:\Microsoft VS Code\bin;C:\MinGW\bin;C:\Users\HP\AppData\Local\Programs\Microsoft VS Code\bin;C:\Users\HP\AppData\Local\Android\Sdk\emulator;C:\Users\HP\AppData\Roaming\npm;C:\Users\HP\AppData\Local\GitHubDesktop\bin;C:\Users\HP\AppData\Local\Microsoft\WindowsApps;C:\Users\HP\.dotnet\tools;
USERNAME=HP
OS=Windows_NT
PROCESSOR_IDENTIFIER=Intel64 Family 6 Model 140 Stepping 2, GenuineIntel
TMP=C:\Users\HP\AppData\Local\Temp
TEMP=C:\Users\HP\AppData\Local\Temp



---------------  S Y S T E M  ---------------

OS:
 Windows 11 , 64 bit Build 25931 (10.0.25931.1000)
OS uptime: 0 days 1:00 hours
Hyper-V role detected

CPU: total 8 (initial active 8) (4 cores per cpu, 2 threads per core) family 6 model 140 stepping 2 microcode 0x28, cx8, cmov, fxsr, ht, mmx, 3dnowpref, sse, sse2, sse3, ssse3, sse4.1, sse4.2, popcnt, lzcnt, tsc, tscinvbit, avx, avx2, aes, erms, clmul, bmi1, bmi2, adx, avx512f, avx512dq, avx512cd, avx512bw, avx512vl, sha, fma, vzeroupper, avx512_vpopcntdq, avx512_vpclmulqdq, avx512_vaes, avx512_vnni, clflush, clflushopt, clwb, avx512_vbmi2, avx512_vbmi, hv

Memory: 4k page, system-wide physical 16151M (2631M free)
TotalPageFile size 16151M (AvailPageFile size 0M)
current process WorkingSet (physical memory assigned to process): 638M, peak: 667M
current process commit charge ("private bytes"): 543M, peak: 581M

vm_info: OpenJDK 64-Bit Server VM (17.0.7+7) for windows-amd64 JRE (17.0.7+7), built on Apr 18 2023 22:10:42 by "temurin" with MS VC++ 16.7 (VS2019)

END.
